<?xml version="1.0" encoding="UTF-8"?>
<testsuite xmlns:xsi="http://www.w3.org/2001/XMLSchema-instance" xsi:noNamespaceSchemaLocation="https://maven.apache.org/surefire/maven-surefire-plugin/xsd/surefire-test-report-3.0.xsd" version="3.0" name="com.campushub.service.UserServiceTest" time="0.127" tests="17" errors="0" skipped="0" failures="0">
  <properties>
[...]
</properties>
  <testcase name="login_shouldSucceedWithCorrectPassword" classname="com.campushub.service.UserServiceTest" time="0.051"/>
  <testcase name="register_shouldRejectDuplicatePhone" classname="com.campushub.service.UserServiceTest" time="0.01"/>
  <testcase name="updateProfile_shouldRejectDuplicateUsername" classname="com.campushub.service.UserServiceTest" time="0.005"/>
  <testcase name="register_shouldRejectUsernameLongerThanSixteenCharacters" classname="com.campushub.service.UserServiceTest" time="0.003"/>
  <testcase name="register_shouldRejectPasswordWithoutLettersOrDigits" classname="com.campushub.service.UserServiceTest" time="0.002"/>
  <testcase name="getCertStatus_shouldReturnVerificationInfoWithoutRealNameOrIdCard" classname="com.campushub.service.UserServiceTest" time="0.001"/>
  <testcase name="registerRequest_shouldAllowAnyUsernameUpToSixteenCharacters" classname="com.campushub.service.UserServiceTest" time="0.022"/>
  <testcase name="updateProfile_shouldUpdateAccountAndPersonalFieldsForCertifiedUser" classname="com.campushub.service.UserServiceTest" time="0.004"/>
  <testcase name="login_shouldRejectWrongPasswordAndLockAfterThreeFailures" classname="com.campushub.service.UserServiceTest" time="0.004"/>
  <testcase name="register_shouldRejectInvalidPhoneFormat" classname="com.campushub.service.UserServiceTest" time="0.003"/>
  <testcase name="certify_shouldOnlyRequireBasicCampusIdentityFields" classname="com.campushub.service.UserServiceTest" time="0.003"/>
  <testcase name="register_shouldRejectWrongCaptcha" classname="com.campushub.service.UserServiceTest" time="0.002"/>
  <testcase name="register_shouldRejectMismatchedConfirmPassword" classname="com.campushub.service.UserServiceTest" time="0.002"/>
  <testcase name="register_shouldSucceedWithValidCaptchaAndMatchingStrongPasswords" classname="com.campushub.service.UserServiceTest" time="0.002"/>
  <testcase name="getCaptcha_shouldReturnFourAlphanumericCharacters" classname="com.campushub.service.UserServiceTest" time="0.001"/>
  <testcase name="register_shouldRejectWithoutAgreeTerms" classname="com.campushub.service.UserServiceTest" time="0.003"/>
  <testcase name="login_shouldRejectBannedAccount" classname="com.campushub.service.UserServiceTest" time="0.002"/>
</testsuite>